<?xml version="1.0" encoding="UTF-8"?>
<!-- Generated by org.testng.reporters.JUnitReportReporter -->
<testsuite skipped="0" hostname="DESKTOP-C0U71JO" name="testNG.concepts.TestNGAnnotations" tests="4" failures="0" timestamp="29 Oct 2020 15:56:08 GMT" time="0.022" errors="0">
  <testcase name="test_without_priority" time="0.007" classname="testNG.concepts.TestNGAnnotations"/>
  <testcase name="test_one" time="0.003" classname="testNG.concepts.TestNGAnnotations"/>
  <testcase name="test_two" time="0.005" classname="testNG.concepts.TestNGAnnotations"/>
  <testcase name="test_three" time="0.007" classname="testNG.concepts.TestNGAnnotations"/>
</testsuite> <!-- testNG.concepts.TestNGAnnotations -->
