<?xml version="1.0" encoding="UTF-8"?>
<!-- Generated by org.testng.reporters.JUnitReportReporter -->
<testsuite skipped="0" hostname="DESKTOP-C0U71JO" name="TestNGPractice.PracticeOne" tests="2" failures="0" timestamp="29 Oct 2020 15:59:45 GMT" time="0.013" errors="0">
  <testcase name="testSecound" time="0.007" classname="TestNGPractice.PracticeOne"/>
  <testcase name="testThird" time="0.006" classname="TestNGPractice.PracticeOne"/>
</testsuite> <!-- TestNGPractice.PracticeOne -->
