<?xml version="1.0" encoding="UTF-8"?>
<!-- Generated by org.testng.reporters.JUnitReportReporter -->
<testsuite skipped="0" hostname="DESKTOP-C0U71JO" name="tests.LoginTest" tests="1" failures="0" timestamp="04 Nov 2020 19:32:21 GMT" time="29.300" errors="0">
  <testcase name="loginToHotel" time="29.300" classname="tests.LoginTest"/>
</testsuite> <!-- tests.LoginTest -->
