<?xml version="1.0" encoding="UTF-8"?>
<!-- Generated by org.testng.reporters.JUnitReportReporter -->
<testsuite skipped="0" hostname="DESKTOP-C0U71JO" name="testNG.concepts.TestNGPractice" tests="1" failures="0" timestamp="30 Oct 2020 01:33:30 GMT" time="8.533" errors="0">
  <testcase name="navigateToURL" time="8.533" classname="testNG.concepts.TestNGPractice"/>
</testsuite> <!-- testNG.concepts.TestNGPractice -->
