<?xml version="1.0" encoding="UTF-8"?>
<!-- Generated by org.testng.reporters.JUnitReportReporter -->
<testsuite skipped="1" hostname="DESKTOP-C0U71JO" name="testNG.concepts.TestNGAssertions" tests="2" failures="0" timestamp="29 Oct 2020 21:21:51 GMT" time="0.022" errors="0">
  <testcase name="softAssertion" time="0.022" classname="testNG.concepts.TestNGAssertions"/>
  <testcase name="hardAssertion" classname="testNG.concepts.TestNGAssertions">
    <skipped/>
  </testcase> <!-- hardAssertion -->
</testsuite> <!-- testNG.concepts.TestNGAssertions -->
