<?xml version="1.0" encoding="UTF-8"?>
<!-- Generated by org.testng.reporters.JUnitReportReporter -->
<testsuite skipped="0" hostname="DESKTOP-C0U71JO" name="testNG.concepts.TestNGDependent" tests="3" failures="0" timestamp="29 Oct 2020 01:05:08 GMT" time="0.023" errors="0">
  <testcase name="test_SignINtoApplication" time="0.003" classname="testNG.concepts.TestNGDependent"/>
  <testcase name="test_NavigateToURL" time="0.004" classname="testNG.concepts.TestNGDependent"/>
  <testcase name="test_OpenBrowser" time="0.016" classname="testNG.concepts.TestNGDependent"/>
</testsuite> <!-- testNG.concepts.TestNGDependent -->
